
> dashboard@0.1.0 dev
> next dev

  ▲ Next.js 14.2.5
  - Local:        http://localhost:3000

 ✓ Starting...
 ✓ Ready in 4.7s
 ○ Compiling / ...
 ✓ Compiled / in 4.9s (2626 modules)
 GET / 200 in 5719ms
 ✓ Compiled in 785ms (1308 modules)
 GET / 200 in 195ms
 ○ Compiling /favicon.ico ...
 ✓ Compiled /favicon.ico in 2.5s (1348 modules)
 GET /favicon.ico 200 in 5126ms
 GET / 200 in 172ms
 GET /favicon.ico 200 in 13ms
 ○ Compiling /_not-found ...
 ✓ Compiled /_not-found in 701ms (2615 modules)
 GET /analytics 404 in 50ms
 GET / 200 in 49ms
 GET / 200 in 160ms
 ✓ Compiled /favicon.ico in 335ms (1348 modules)
 GET /favicon.ico 200 in 391ms
 ⨯ ./app/page.tsx:11:1
Module not found: Can't resolve '@/components/welcome-modal'
[0m [90m  9 |[39m [36mimport[39m { [33mSmartRecommendations[39m } [36mfrom[39m [32m"@/components/smart-recommendations"[39m[33m;[39m[0m
[0m [90m 10 |[39m [36mimport[39m { [33mActivityFeed[39m } [36mfrom[39m [32m"@/components/activity-feed"[39m[33m;[39m[0m
[0m[31m[1m>[22m[39m[90m 11 |[39m [36mimport[39m { [33mWelcomeModal[39m } [36mfrom[39m [32m"@/components/welcome-modal"[39m[33m;[39m[0m
[0m [90m    |[39m [31m[1m^[22m[39m[0m
[0m [90m 12 |[39m [36mimport[39m { [33mBell[39m[33m,[39m [33mSettings[39m[33m,[39m [33mZap[39m[33m,[39m [33mRefreshCw[39m[33m,[39m [33mMoon[39m[33m,[39m [33mSun[39m[33m,[39m [33mUser[39m[33m,[39m [33mLogOut[39m[33m,[39m [33mChevronDown[39m } [36mfrom[39m [32m"lucide-react"[39m[33m;[39m[0m
[0m [90m 13 |[39m [36mimport[39m { cn } [36mfrom[39m [32m"@/lib/utils"[39m[33m;[39m[0m
[0m [90m 14 |[39m [36mimport[39m { useSearchParams[33m,[39m useRouter } [36mfrom[39m [32m"next/navigation"[39m[33m;[39m[0m

https://nextjs.org/docs/messages/module-not-found
 ✓ Compiled in 543ms (2640 modules)
 ✓ Compiled /_not-found in 327ms (2629 modules)
 GET /dashboard?onboarding=complete 404 in 421ms
 GET /dashboard?onboarding=complete 404 in 46ms
 GET /dashboard?onboarding=complete 404 in 31ms
 ✓ Compiled /favicon.ico in 172ms (1356 modules)
 GET /favicon.ico 200 in 236ms
 GET /dashboard?onboarding=complete 404 in 61ms
 GET /dashboard?onboarding=complete 404 in 28ms
 GET /favicon.ico 200 in 10ms
 GET /dashboard?onboarding=complete 404 in 22ms
 GET /favicon.ico 200 in 3ms
 GET /dashboard?onboarding=complete 404 in 22ms
 GET /favicon.ico 200 in 3ms
 GET /dashboard?onboarding=complete 404 in 36ms
 GET /dashboard?onboarding=complete 404 in 24ms
 GET /dashboard?onboarding=complete 404 in 27ms
 HEAD / 200 in 219ms
 GET /dashboard?onboarding=complete 404 in 45ms
 GET /?onboarding=complete 200 in 24ms
 GET /favicon.ico 200 in 19ms
 GET /login 404 in 16ms
 GET /favicon.ico 200 in 8ms
 GET /?onboarding=complete. 200 in 48ms
 GET /login 404 in 14ms
 GET /?onboarding=complete 200 in 31ms
 GET /login 404 in 89ms
 ✓ Compiled in 453ms (2628 modules)
 ✓ Compiled /login in 391ms (2634 modules)
 ✓ Compiled /favicon.ico in 116ms (1359 modules)
 ✓ Compiled in 530ms (2676 modules)
 GET /?onboarding=complete 200 in 181ms
 GET /login 200 in 26ms
 ✓ Compiled in 418ms (2628 modules)
 ✓ Compiled /demo in 347ms (2634 modules)
 GET /demo?onboarding=complete 200 in 526ms
 GET /demo?onboarding=complete 200 in 50ms
 ✓ Compiled in 1151ms (2648 modules)
 ✓ Compiled in 250ms (2648 modules)
 ✓ Compiled in 250ms (2634 modules)
 ✓ Compiled in 154ms (2634 modules)
 GET /demo?onboarding=complete 200 in 269ms
 ✓ Compiled in 684ms (1319 modules)
 ⨯ ./app/globals.css:3:1
Syntax error: /Users/sawai/Desktop/rankmybrand.ai/services/dashboard/app/globals.css The `bg-primary/20` class does not exist. If `bg-primary/20` is a custom class, make sure it is defined within a `@layer` directive.

  1 | @import url('https://fonts.googleapis.com/css2?family=Inter:wght@300;400;500;600;700;800;900&display=swap');
  2 | 
> 3 | @tailwind base;
    | ^
  4 | @tailwind components;
  5 | @tailwind utilities;
 ✓ Compiled in 378ms (2648 modules)
 ✓ Compiled in 88ms (1319 modules)
 ✓ Compiled in 273ms (1319 modules)
 ⨯ ./app/providers.tsx:4:1
Module not found: Can't resolve '@tanstack/react-query-devtools'
[0m [90m 2 |[39m[0m
[0m [90m 3 |[39m [36mimport[39m { [33mQueryClientProvider[39m } [36mfrom[39m [32m'@tanstack/react-query'[39m[33m;[39m[0m
[0m[31m[1m>[22m[39m[90m 4 |[39m [36mimport[39m { [33mReactQueryDevtools[39m } [36mfrom[39m [32m'@tanstack/react-query-devtools'[39m[33m;[39m[0m
[0m [90m   |[39m [31m[1m^[22m[39m[0m
[0m [90m 5 |[39m [36mimport[39m { [33mThemeProvider[39m } [36mfrom[39m [32m'next-themes'[39m[33m;[39m[0m
[0m [90m 6 |[39m [36mimport[39m { queryClient } [36mfrom[39m [32m'@/lib/query-client'[39m[33m;[39m[0m
[0m [90m 7 |[39m [36mimport[39m { [33mToaster[39m } [36mfrom[39m [32m'@/components/ui/toaster'[39m[33m;[39m[0m

https://nextjs.org/docs/messages/module-not-found
 ⨯ ./app/providers.tsx:7:1
Module not found: Can't resolve '@/components/ui/toaster'
[0m [90m  5 |[39m [36mimport[39m { [33mThemeProvider[39m } [36mfrom[39m [32m'next-themes'[39m[33m;[39m[0m
[0m [90m  6 |[39m [36mimport[39m { queryClient } [36mfrom[39m [32m'@/lib/query-client'[39m[33m;[39m[0m
[0m[31m[1m>[22m[39m[90m  7 |[39m [36mimport[39m { [33mToaster[39m } [36mfrom[39m [32m'@/components/ui/toaster'[39m[33m;[39m[0m
[0m [90m    |[39m [31m[1m^[22m[39m[0m
[0m [90m  8 |[39m [36mimport[39m { useState } [36mfrom[39m [32m'react'[39m[33m;[39m[0m
[0m [90m  9 |[39m[0m
[0m [90m 10 |[39m [36minterface[39m [33mProvidersProps[39m {[0m

https://nextjs.org/docs/messages/module-not-found
 ⨯ ./app/providers.tsx:7:1
Module not found: Can't resolve '@/components/ui/toaster'
[0m [90m  5 |[39m [36mimport[39m { [33mThemeProvider[39m } [36mfrom[39m [32m'next-themes'[39m[33m;[39m[0m
[0m [90m  6 |[39m [36mimport[39m { queryClient } [36mfrom[39m [32m'@/lib/query-client'[39m[33m;[39m[0m
[0m[31m[1m>[22m[39m[90m  7 |[39m [36mimport[39m { [33mToaster[39m } [36mfrom[39m [32m'@/components/ui/toaster'[39m[33m;[39m[0m
[0m [90m    |[39m [31m[1m^[22m[39m[0m
[0m [90m  8 |[39m [36mimport[39m { useState } [36mfrom[39m [32m'react'[39m[33m;[39m[0m
[0m [90m  9 |[39m[0m
[0m [90m 10 |[39m [36minterface[39m [33mProvidersProps[39m {[0m

https://nextjs.org/docs/messages/module-not-found
 ⨯ ./components/ui/toaster.tsx:3:1
Module not found: Can't resolve '@/components/ui/toast'
[0m [90m 1 |[39m [32m"use client"[39m[0m
[0m [90m 2 |[39m[0m
[0m[31m[1m>[22m[39m[90m 3 |[39m [36mimport[39m {[0m
[0m [90m   |[39m [31m[1m^[22m[39m[0m
[0m [90m 4 |[39m   [33mToast[39m[33m,[39m[0m
[0m [90m 5 |[39m   [33mToastClose[39m[33m,[39m[0m
[0m [90m 6 |[39m   [33mToastDescription[39m[33m,[39m[0m

https://nextjs.org/docs/messages/module-not-found

Import trace for requested module:
./app/providers.tsx
 ⨯ ./components/ui/toaster.tsx:11:1
Module not found: Can't resolve '@/components/ui/use-toast'
[0m [90m  9 |[39m   [33mToastViewport[39m[33m,[39m[0m
[0m [90m 10 |[39m } [36mfrom[39m [32m"@/components/ui/toast"[39m[0m
[0m[31m[1m>[22m[39m[90m 11 |[39m [36mimport[39m { useToast } [36mfrom[39m [32m"@/components/ui/use-toast"[39m[0m
[0m [90m    |[39m [31m[1m^[22m[39m[0m
[0m [90m 12 |[39m[0m
[0m [90m 13 |[39m [36mexport[39m [36mfunction[39m [33mToaster[39m() {[0m
[0m [90m 14 |[39m   [36mconst[39m { toasts } [33m=[39m useToast()[0m

https://nextjs.org/docs/messages/module-not-found

Import trace for requested module:
./app/providers.tsx
 ⨯ ./components/ui/toaster.tsx:11:1
Module not found: Can't resolve '@/components/ui/use-toast'
[0m [90m  9 |[39m   [33mToastViewport[39m[33m,[39m[0m
[0m [90m 10 |[39m } [36mfrom[39m [32m"@/components/ui/toast"[39m[0m
[0m[31m[1m>[22m[39m[90m 11 |[39m [36mimport[39m { useToast } [36mfrom[39m [32m"@/components/ui/use-toast"[39m[0m
[0m [90m    |[39m [31m[1m^[22m[39m[0m
[0m [90m 12 |[39m[0m
[0m [90m 13 |[39m [36mexport[39m [36mfunction[39m [33mToaster[39m() {[0m
[0m [90m 14 |[39m   [36mconst[39m { toasts } [33m=[39m useToast()[0m

https://nextjs.org/docs/messages/module-not-found

Import trace for requested module:
./app/providers.tsx
 ✓ Compiled in 294ms (2791 modules)
 ✓ Compiled in 676ms (1392 modules)
 ⨯ ./node_modules/cmdk/node_modules/@radix-ui/react-dialog/dist/index.mjs
Error: ENOENT: no such file or directory, open '/Users/sawai/Desktop/rankmybrand.ai/services/dashboard/node_modules/cmdk/node_modules/@radix-ui/react-dialog/dist/index.mjs'

Import trace for requested module:
./node_modules/cmdk/node_modules/@radix-ui/react-dialog/dist/index.mjs
./node_modules/cmdk/dist/index.mjs
./components/command-palette.tsx
./app/page.tsx
 ○ Compiling /_error ...
 ⨯ ./node_modules/cmdk/node_modules/@radix-ui/react-dialog/dist/index.mjs
Error: ENOENT: no such file or directory, open '/Users/sawai/Desktop/rankmybrand.ai/services/dashboard/node_modules/cmdk/node_modules/@radix-ui/react-dialog/dist/index.mjs'

Import trace for requested module:
./node_modules/cmdk/node_modules/@radix-ui/react-dialog/dist/index.mjs
./node_modules/cmdk/dist/index.mjs
./components/command-palette.tsx
./app/page.tsx
 GET / 500 in 1669ms
 ⨯ ./node_modules/cmdk/node_modules/@radix-ui/react-dialog/dist/index.mjs
Error: ENOENT: no such file or directory, open '/Users/sawai/Desktop/rankmybrand.ai/services/dashboard/node_modules/cmdk/node_modules/@radix-ui/react-dialog/dist/index.mjs'

Import trace for requested module:
./node_modules/cmdk/node_modules/@radix-ui/react-dialog/dist/index.mjs
./node_modules/cmdk/dist/index.mjs
./components/command-palette.tsx
./app/page.tsx
 ✓ Compiled /_error in 389ms (3005 modules)
 ✓ Compiled in 479ms (3019 modules)
 ✓ Compiled in 226ms (3019 modules)
 ⚠ metadataBase property in metadata export is not set for resolving social open graph or twitter images, using "http://localhost:3000". See https://nextjs.org/docs/app/api-reference/functions/generate-metadata#metadatabase
 ⚠ Unsupported metadata viewport is configured in metadata export in /. Please move it to viewport export instead.
Read more: https://nextjs.org/docs/app/api-reference/functions/generate-viewport
 ⚠ Unsupported metadata themeColor is configured in metadata export in /. Please move it to viewport export instead.
Read more: https://nextjs.org/docs/app/api-reference/functions/generate-viewport
 GET / 200 in 252ms
 ⨯ ./node_modules/cmdk/dist/index.mjs
Error: ENOENT: no such file or directory, open '/Users/sawai/Desktop/rankmybrand.ai/services/dashboard/node_modules/cmdk/dist/index.mjs'

Import trace for requested module:
./node_modules/cmdk/dist/index.mjs
./components/command-palette.tsx
./app/demo/page.tsx
 ✓ Compiled in 534ms (2996 modules)
 ✓ Compiled in 141ms (1571 modules)
 ✓ Compiled in 248ms (3010 modules)
 ✓ Compiled in 339ms (3010 modules)
 ⚠ Found a change in next.config.js. Restarting the server to apply the changes...
  ▲ Next.js 14.2.5
  - Local:        http://localhost:3000
  - Experiments (use with caution):
    · optimizeCss

 ✓ Starting...
 ✓ Ready in 2.5s
 ○ Compiling / ...
 ✓ Compiled / in 4.9s (2124 modules)
 ⚠ metadataBase property in metadata export is not set for resolving social open graph or twitter images, using "http://localhost:3000". See https://nextjs.org/docs/app/api-reference/functions/generate-metadata#metadatabase
 ⚠ Unsupported metadata viewport is configured in metadata export in /. Please move it to viewport export instead.
Read more: https://nextjs.org/docs/app/api-reference/functions/generate-viewport
 ⚠ Unsupported metadata themeColor is configured in metadata export in /. Please move it to viewport export instead.
Read more: https://nextjs.org/docs/app/api-reference/functions/generate-viewport
 GET / 200 in 5222ms
 ✓ Compiled in 283ms (1053 modules)
 ⚠ Unsupported metadata viewport is configured in metadata export in /. Please move it to viewport export instead.
Read more: https://nextjs.org/docs/app/api-reference/functions/generate-viewport
 ⚠ Unsupported metadata themeColor is configured in metadata export in /. Please move it to viewport export instead.
Read more: https://nextjs.org/docs/app/api-reference/functions/generate-viewport
 GET / 200 in 40ms
 ⚠ Unsupported metadata viewport is configured in metadata export in /. Please move it to viewport export instead.
Read more: https://nextjs.org/docs/app/api-reference/functions/generate-viewport
 ⚠ Unsupported metadata themeColor is configured in metadata export in /. Please move it to viewport export instead.
Read more: https://nextjs.org/docs/app/api-reference/functions/generate-viewport
 GET / 200 in 52ms
 ○ Compiling /demo ...
 ✓ Compiled /demo in 615ms (2107 modules)
 ⚠ metadataBase property in metadata export is not set for resolving social open graph or twitter images, using "http://localhost:3000". See https://nextjs.org/docs/app/api-reference/functions/generate-metadata#metadatabase
 ⚠ Unsupported metadata viewport is configured in metadata export in /demo. Please move it to viewport export instead.
Read more: https://nextjs.org/docs/app/api-reference/functions/generate-viewport
 ⚠ Unsupported metadata themeColor is configured in metadata export in /demo. Please move it to viewport export instead.
Read more: https://nextjs.org/docs/app/api-reference/functions/generate-viewport
 GET /demo?onboarding=complete 200 in 844ms
 ✓ Compiled in 713ms (2117 modules)
[?25h
